<?xml version="1.0" encoding="UTF-8"?>
<!-- Generated by org.testng.reporters.JUnitReportReporter -->
<testsuite hostname="DESKTOP-JQLCBTF" failures="0" tests="1" name="demo.Demo" time="0.002" errors="0" timestamp="2023-08-19T00:32:39 IST" skipped="0">
  <testcase classname="demo.Demo" name="demo" time="0.002"/>
</testsuite> <!-- demo.Demo -->
