<?xml version="1.0" encoding="UTF-8"?>
<!-- Generated by org.testng.reporters.JUnitReportReporter -->
<testsuite hostname="DESKTOP-JQLCBTF" failures="0" tests="1" name="demo.Demo3" time="0.003" errors="0" timestamp="2023-08-19T00:32:39 IST" skipped="0">
  <testcase classname="demo.Demo3" name="demo3" time="0.003"/>
</testsuite> <!-- demo.Demo3 -->
